C:\Users\Hp\Desktop\dddEven\SubcriptionChama\src\ChamaSubAPI\ClientApp\dist\out-tsc\e2e\src\app.po.js
C:\Users\Hp\Desktop\dddEven\SubcriptionChama\src\ChamaSubAPI\ClientApp\dist\out-tsc\e2e\src\app.po.js.map
C:\Users\Hp\Desktop\dddEven\SubcriptionChama\src\ChamaSubAPI\ClientApp\dist\out-tsc\e2e\src\app.e2e-spec.js
C:\Users\Hp\Desktop\dddEven\SubcriptionChama\src\ChamaSubAPI\ClientApp\dist\out-tsc\e2e\src\app.e2e-spec.js.map
C:\Users\Hp\Desktop\dddEven\SubcriptionChama\src\ChamaSubAPI\ClientApp\dist\out-tsc\src\app\app.component.js
C:\Users\Hp\Desktop\dddEven\SubcriptionChama\src\ChamaSubAPI\ClientApp\dist\out-tsc\src\app\app.component.js.map
C:\Users\Hp\Desktop\dddEven\SubcriptionChama\src\ChamaSubAPI\ClientApp\dist\out-tsc\src\app\nav-menu\nav-menu.component.js
C:\Users\Hp\Desktop\dddEven\SubcriptionChama\src\ChamaSubAPI\ClientApp\dist\out-tsc\src\app\nav-menu\nav-menu.component.js.map
C:\Users\Hp\Desktop\dddEven\SubcriptionChama\src\ChamaSubAPI\ClientApp\dist\out-tsc\src\app\home\home.component.js
C:\Users\Hp\Desktop\dddEven\SubcriptionChama\src\ChamaSubAPI\ClientApp\dist\out-tsc\src\app\home\home.component.js.map
C:\Users\Hp\Desktop\dddEven\SubcriptionChama\src\ChamaSubAPI\ClientApp\dist\out-tsc\src\app\counter\counter.component.js
C:\Users\Hp\Desktop\dddEven\SubcriptionChama\src\ChamaSubAPI\ClientApp\dist\out-tsc\src\app\counter\counter.component.js.map
C:\Users\Hp\Desktop\dddEven\SubcriptionChama\src\ChamaSubAPI\ClientApp\dist\out-tsc\src\app\fetch-data\fetch-data.component.js
C:\Users\Hp\Desktop\dddEven\SubcriptionChama\src\ChamaSubAPI\ClientApp\dist\out-tsc\src\app\fetch-data\fetch-data.component.js.map
C:\Users\Hp\Desktop\dddEven\SubcriptionChama\src\ChamaSubAPI\ClientApp\dist\out-tsc\src\app\header\header.component.js
C:\Users\Hp\Desktop\dddEven\SubcriptionChama\src\ChamaSubAPI\ClientApp\dist\out-tsc\src\app\header\header.component.js.map
C:\Users\Hp\Desktop\dddEven\SubcriptionChama\src\ChamaSubAPI\ClientApp\dist\out-tsc\src\app\services\product.service.js
C:\Users\Hp\Desktop\dddEven\SubcriptionChama\src\ChamaSubAPI\ClientApp\dist\out-tsc\src\app\services\product.service.js.map
C:\Users\Hp\Desktop\dddEven\SubcriptionChama\src\ChamaSubAPI\ClientApp\dist\out-tsc\src\app\product-form\product-form.component.js
C:\Users\Hp\Desktop\dddEven\SubcriptionChama\src\ChamaSubAPI\ClientApp\dist\out-tsc\src\app\product-form\product-form.component.js.map
C:\Users\Hp\Desktop\dddEven\SubcriptionChama\src\ChamaSubAPI\ClientApp\dist\out-tsc\src\app\app.module.js
C:\Users\Hp\Desktop\dddEven\SubcriptionChama\src\ChamaSubAPI\ClientApp\dist\out-tsc\src\app\app.module.js.map
C:\Users\Hp\Desktop\dddEven\SubcriptionChama\src\ChamaSubAPI\ClientApp\dist\out-tsc\src\environments\environment.js
C:\Users\Hp\Desktop\dddEven\SubcriptionChama\src\ChamaSubAPI\ClientApp\dist\out-tsc\src\environments\environment.js.map
C:\Users\Hp\Desktop\dddEven\SubcriptionChama\src\ChamaSubAPI\ClientApp\dist\out-tsc\src\main.js
C:\Users\Hp\Desktop\dddEven\SubcriptionChama\src\ChamaSubAPI\ClientApp\dist\out-tsc\src\main.js.map
C:\Users\Hp\Desktop\dddEven\SubcriptionChama\src\ChamaSubAPI\ClientApp\dist\out-tsc\src\polyfills.js
C:\Users\Hp\Desktop\dddEven\SubcriptionChama\src\ChamaSubAPI\ClientApp\dist\out-tsc\src\polyfills.js.map
C:\Users\Hp\Desktop\dddEven\SubcriptionChama\src\ChamaSubAPI\ClientApp\dist\out-tsc\src\test.js
C:\Users\Hp\Desktop\dddEven\SubcriptionChama\src\ChamaSubAPI\ClientApp\dist\out-tsc\src\test.js.map
C:\Users\Hp\Desktop\dddEven\SubcriptionChama\src\ChamaSubAPI\ClientApp\dist\out-tsc\src\app\app.server.module.js
C:\Users\Hp\Desktop\dddEven\SubcriptionChama\src\ChamaSubAPI\ClientApp\dist\out-tsc\src\app\app.server.module.js.map
C:\Users\Hp\Desktop\dddEven\SubcriptionChama\src\ChamaSubAPI\ClientApp\dist\out-tsc\src\app\counter\counter.component.spec.js
C:\Users\Hp\Desktop\dddEven\SubcriptionChama\src\ChamaSubAPI\ClientApp\dist\out-tsc\src\app\counter\counter.component.spec.js.map
C:\Users\Hp\Desktop\dddEven\SubcriptionChama\src\ChamaSubAPI\ClientApp\dist\out-tsc\src\environments\environment.prod.js
C:\Users\Hp\Desktop\dddEven\SubcriptionChama\src\ChamaSubAPI\ClientApp\dist\out-tsc\src\environments\environment.prod.js.map
